[debug] [2025-08-17T13:30:02.862Z] ----------------------------------------------------------------------
[debug] [2025-08-17T13:30:02.867Z] Command:       C:\Program Files\nodejs\node.exe C:\Users\vrkan\AppData\Roaming\npm\node_modules\firebase-tools\lib\bin\firebase.js init hosting
[debug] [2025-08-17T13:30:02.868Z] CLI Version:   14.12.1
[debug] [2025-08-17T13:30:02.868Z] Platform:      win32
[debug] [2025-08-17T13:30:02.868Z] Node Version:  v22.14.0
[debug] [2025-08-17T13:30:02.869Z] Time:          Sun Aug 17 2025 15:30:02 GMT+0200 (South Africa Standard Time)
[debug] [2025-08-17T13:30:02.869Z] ----------------------------------------------------------------------
[debug] 
[debug] [2025-08-17T13:30:02.878Z] > command requires scopes: ["email","openid","https://www.googleapis.com/auth/cloudplatformprojects.readonly","https://www.googleapis.com/auth/firebase","https://www.googleapis.com/auth/cloud-platform"]
[debug] [2025-08-17T13:30:02.879Z] > authorizing via signed-in user (jr.kanengoni@gmail.com)
[info] 
     ######## #### ########  ######## ########     ###     ######  ########
     ##        ##  ##     ## ##       ##     ##  ##   ##  ##       ##
     ######    ##  ########  ######   ########  #########  ######  ######
     ##        ##  ##    ##  ##       ##     ## ##     ##       ## ##
     ##       #### ##     ## ######## ########  ##     ##  ######  ########

You're about to initialize a Firebase project in this directory:

  C:\Users\vrkan\Desktop\Stylemenow\stylemenow\src\app

[info] 
=== Project Setup
[info] 
[info] First, let's associate this project directory with a Firebase project.
[info] You can create multiple project aliases by running firebase use --add, 
[info] but for now we'll just set up a default project.
[info] 
[debug] [2025-08-17T13:30:12.170Z] Checked if tokens are valid: true, expires at: 1755440823571
[debug] [2025-08-17T13:30:12.170Z] Checked if tokens are valid: true, expires at: 1755440823571
[debug] [2025-08-17T13:30:12.171Z] >>> [apiv2][query] GET https://firebase.googleapis.com/v1beta1/projects pageSize=100
[debug] [2025-08-17T13:30:13.169Z] <<< [apiv2][status] GET https://firebase.googleapis.com/v1beta1/projects 200
[debug] [2025-08-17T13:30:13.169Z] <<< [apiv2][body] GET https://firebase.googleapis.com/v1beta1/projects [omitted]
